<?xml version="1.0" encoding="UTF-8"?>
<!-- Generated by org.testng.reporters.JUnitXMLReporter -->
<testsuite ignored="3" hostname="DESKTOP-7J89CTL" failures="0" tests="1" name="Sample test" time="55.016" errors="0" timestamp="16 May 2020 22:28:13 GMT">
  <testcase classname="com.training.sanity.tests.LoginTests2" name="Test4" time="41.935"/>
  <testcase classname="com.training.sanity.tests.LoginTests2" name="validLoginTest" time="0.0">
    <ignored/>
  </testcase> <!-- validLoginTest -->
  <testcase classname="com.training.sanity.tests.LoginTests2" name="Test2" time="0.0">
    <ignored/>
  </testcase> <!-- Test2 -->
  <testcase classname="com.training.sanity.tests.LoginTests2" name="Test3" time="0.0">
    <ignored/>
  </testcase> <!-- Test3 -->
</testsuite> <!-- Sample test -->
