<?xml version="1.0" encoding="UTF-8"?>
<!-- Generated by org.testng.reporters.JUnitXMLReporter -->
<testsuite ignored="0" hostname="DESKTOP-7J89CTL" failures="0" tests="3" name="Default test" time="61.221" errors="0" timestamp="21 May 2020 02:01:03 GMT">
  <testcase classname="com.training.regression.tests.LoginExcelTest" name="loginDBTest" time="9.768"/>
  <testcase classname="com.training.regression.tests.LoginExcelTest" name="loginDBTest" time="7.225"/>
  <testcase classname="com.training.regression.tests.LoginExcelTest" name="loginDBTest" time="7.945"/>
</testsuite> <!-- Default test -->
