<?xml version="1.0" encoding="UTF-8"?>
<testng-results ignored="0" total="3" passed="3" failed="0" skipped="0">
  <reporter-output>
  </reporter-output>
  <suite started-at="2020-05-21T02:00:02Z" name="Default suite" finished-at="2020-05-21T02:01:03Z" duration-ms="61221">
    <groups>
    </groups>
    <test started-at="2020-05-21T02:00:02Z" name="Default test" finished-at="2020-05-21T02:01:03Z" duration-ms="61221">
      <class name="com.training.regression.tests.LoginExcelTest">
        <test-method is-config="true" signature="setUpBeforeClass()[pri:0, instance:com.training.regression.tests.LoginExcelTest@5ef60048]" started-at="2020-05-20T22:00:02Z" name="setUpBeforeClass" finished-at="2020-05-20T22:00:02Z" duration-ms="7" status="PASS">
          <reporter-output>
          </reporter-output>
        </test-method> <!-- setUpBeforeClass -->
        <test-method is-config="true" signature="setUp()[pri:0, instance:com.training.regression.tests.LoginExcelTest@5ef60048]" started-at="2020-05-20T22:00:02Z" name="setUp" finished-at="2020-05-20T22:00:14Z" duration-ms="12177" status="PASS">
          <reporter-output>
          </reporter-output>
        </test-method> <!-- setUp -->
        <test-method signature="loginDBTest(java.lang.String, java.lang.String, java.lang.String, java.lang.String, java.lang.String, java.lang.String)[pri:0, instance:com.training.regression.tests.LoginExcelTest@5ef60048]" started-at="2020-05-20T22:00:14Z" name="loginDBTest" data-provider="excel-inputs" finished-at="2020-05-20T22:00:24Z" duration-ms="9768" status="PASS">
          <params>
            <param index="0">
              <value>
                <![CDATA[alex]]>
              </value>
            </param>
            <param index="1">
              <value>
                <![CDATA[hales]]>
              </value>
            </param>
            <param index="2">
              <value>
                <![CDATA[alex@gmail.com]]>
              </value>
            </param>
            <param index="3">
              <value>
                <![CDATA[9.876543211E9]]>
              </value>
            </param>
            <param index="4">
              <value>
                <![CDATA[alex]]>
              </value>
            </param>
            <param index="5">
              <value>
                <![CDATA[alex]]>
              </value>
            </param>
          </params>
          <reporter-output>
          </reporter-output>
        </test-method> <!-- loginDBTest -->
        <test-method is-config="true" signature="tearDown()[pri:0, instance:com.training.regression.tests.LoginExcelTest@5ef60048]" started-at="2020-05-20T22:00:24Z" name="tearDown" finished-at="2020-05-20T22:00:25Z" duration-ms="653" status="PASS">
          <reporter-output>
          </reporter-output>
        </test-method> <!-- tearDown -->
        <test-method is-config="true" signature="setUp()[pri:0, instance:com.training.regression.tests.LoginExcelTest@5ef60048]" started-at="2020-05-20T22:00:25Z" name="setUp" finished-at="2020-05-20T22:00:35Z" duration-ms="10541" status="PASS">
          <reporter-output>
          </reporter-output>
        </test-method> <!-- setUp -->
        <test-method signature="loginDBTest(java.lang.String, java.lang.String, java.lang.String, java.lang.String, java.lang.String, java.lang.String)[pri:0, instance:com.training.regression.tests.LoginExcelTest@5ef60048]" started-at="2020-05-20T22:00:35Z" name="loginDBTest" data-provider="excel-inputs" finished-at="2020-05-20T22:00:43Z" duration-ms="7225" status="PASS">
          <params>
            <param index="0">
              <value>
                <![CDATA[george]]>
              </value>
            </param>
            <param index="1">
              <value>
                <![CDATA[bush]]>
              </value>
            </param>
            <param index="2">
              <value>
                <![CDATA[george@gmail.com]]>
              </value>
            </param>
            <param index="3">
              <value>
                <![CDATA[9.876543212E9]]>
              </value>
            </param>
            <param index="4">
              <value>
                <![CDATA[george]]>
              </value>
            </param>
            <param index="5">
              <value>
                <![CDATA[george]]>
              </value>
            </param>
          </params>
          <reporter-output>
          </reporter-output>
        </test-method> <!-- loginDBTest -->
        <test-method is-config="true" signature="tearDown()[pri:0, instance:com.training.regression.tests.LoginExcelTest@5ef60048]" started-at="2020-05-20T22:00:43Z" name="tearDown" finished-at="2020-05-20T22:00:43Z" duration-ms="658" status="PASS">
          <reporter-output>
          </reporter-output>
        </test-method> <!-- tearDown -->
        <test-method is-config="true" signature="setUp()[pri:0, instance:com.training.regression.tests.LoginExcelTest@5ef60048]" started-at="2020-05-20T22:00:43Z" name="setUp" finished-at="2020-05-20T22:00:54Z" duration-ms="11122" status="PASS">
          <reporter-output>
          </reporter-output>
        </test-method> <!-- setUp -->
        <test-method signature="loginDBTest(java.lang.String, java.lang.String, java.lang.String, java.lang.String, java.lang.String, java.lang.String)[pri:0, instance:com.training.regression.tests.LoginExcelTest@5ef60048]" started-at="2020-05-20T22:00:54Z" name="loginDBTest" data-provider="excel-inputs" finished-at="2020-05-20T22:01:02Z" duration-ms="7945" status="PASS">
          <params>
            <param index="0">
              <value>
                <![CDATA[mark]]>
              </value>
            </param>
            <param index="1">
              <value>
                <![CDATA[angel]]>
              </value>
            </param>
            <param index="2">
              <value>
                <![CDATA[mark@gmail.com]]>
              </value>
            </param>
            <param index="3">
              <value>
                <![CDATA[9.876543213E9]]>
              </value>
            </param>
            <param index="4">
              <value>
                <![CDATA[mark]]>
              </value>
            </param>
            <param index="5">
              <value>
                <![CDATA[mark]]>
              </value>
            </param>
          </params>
          <reporter-output>
          </reporter-output>
        </test-method> <!-- loginDBTest -->
        <test-method is-config="true" signature="tearDown()[pri:0, instance:com.training.regression.tests.LoginExcelTest@5ef60048]" started-at="2020-05-20T22:01:02Z" name="tearDown" finished-at="2020-05-20T22:01:03Z" duration-ms="648" status="PASS">
          <reporter-output>
          </reporter-output>
        </test-method> <!-- tearDown -->
      </class> <!-- com.training.regression.tests.LoginExcelTest -->
    </test> <!-- Default test -->
  </suite> <!-- Default suite -->
</testng-results>
